<?xml version="1.0" encoding="UTF-8"?>
<!-- Generated by org.testng.reporters.JUnitReportReporter -->
<testsuite hostname="Naresh" failures="0" tests="5" name="testng.basicclass" time="0.044" errors="0" timestamp="29 Jun 2022 06:26:28 GMT" skipped="0">
  <testcase classname="testng.basicclass" name="fifthtestcase" time="0.019"/>
  <testcase classname="testng.basicclass" name="fourthtestcase" time="0.012"/>
  <testcase classname="testng.basicclass" name="firsttestcase" time="0.003"/>
  <testcase classname="testng.basicclass" name="thirdtestcase" time="0.005"/>
  <testcase classname="testng.basicclass" name="secondtestcase" time="0.005"/>
</testsuite> <!-- testng.basicclass -->
