<?xml version="1.0" encoding="UTF-8"?>
<!-- Generated by org.testng.reporters.JUnitReportReporter -->
<testsuite hostname="Naresh" failures="0" tests="4" name="testng.dependon" time="0.021" errors="0" timestamp="29 Jun 2022 06:27:01 GMT" skipped="0">
  <testcase classname="testng.dependon" name="speed1" time="0.002"/>
  <testcase classname="testng.dependon" name="speed2" time="0.002"/>
  <testcase classname="testng.dependon" name="switchon" time="0.016"/>
  <testcase classname="testng.dependon" name="speed3" time="0.001"/>
</testsuite> <!-- testng.dependon -->
