<?xml version="1.0" encoding="UTF-8"?>
<!-- Generated by org.testng.reporters.JUnitReportReporter -->
<testsuite hostname="Naresh" failures="0" tests="2" name="testng.afterandbefrsuite" time="16.347" errors="0" timestamp="29 Jun 2022 12:36:29 GMT" skipped="0">
  <testcase classname="testng.afterandbefrsuite" name="fb" time="5.325"/>
  <testcase classname="testng.afterandbefrsuite" name="flip" time="11.022"/>
</testsuite> <!-- testng.afterandbefrsuite -->
