<?xml version="1.0" encoding="UTF-8"?>
<!-- Generated by org.testng.reporters.JUnitReportReporter -->
<testsuite hostname="Naresh" failures="0" tests="4" name="testng.Priorities" time="0.025" errors="0" timestamp="29 Jun 2022 06:27:35 GMT" skipped="0">
  <testcase classname="testng.Priorities" name="browser1" time="0.019"/>
  <testcase classname="testng.Priorities" name="browser2" time="0.001"/>
  <testcase classname="testng.Priorities" name="browser" time="0.003"/>
  <testcase classname="testng.Priorities" name="browser3" time="0.002"/>
</testsuite> <!-- testng.Priorities -->
